INFO 2026-03-25 00:45:50,816 autoreload Watching for file changes with StatReloader
WARNING 2026-03-25 00:46:06,155 log Not Found: /
WARNING 2026-03-25 00:46:06,238 log "GET / HTTP/1.1" 404 3547
WARNING 2026-03-25 00:46:07,828 log Not Found: /favicon.ico
WARNING 2026-03-25 00:46:07,852 log "GET /favicon.ico HTTP/1.1" 404 3598
INFO 2026-03-25 00:47:57,223 log "GET /admin/ HTTP/1.1" 302 0
INFO 2026-03-25 00:47:57,637 log "GET /admin/login/?next=/admin/ HTTP/1.1" 200 4080
INFO 2026-03-25 00:47:58,695 log "GET /static/admin/css/dark_mode.css HTTP/1.1" 200 3538
INFO 2026-03-25 00:47:58,771 log "GET /static/admin/css/login.css HTTP/1.1" 200 951
INFO 2026-03-25 00:47:58,776 log "GET /static/admin/css/base.css HTTP/1.1" 200 23100
INFO 2026-03-25 00:47:58,981 log "GET /static/admin/js/theme.js HTTP/1.1" 200 1653
INFO 2026-03-25 00:47:59,106 log "GET /static/admin/css/nav_sidebar.css HTTP/1.1" 200 2810
INFO 2026-03-25 00:47:59,109 log "GET /static/admin/css/responsive.css HTTP/1.1" 200 16273
INFO 2026-03-25 00:47:59,286 log "GET /static/admin/js/nav_sidebar.js HTTP/1.1" 200 3063
INFO 2026-03-25 00:48:37,048 log "POST /admin/login/?next=/admin/ HTTP/1.1" 302 0
INFO 2026-03-25 00:48:37,197 log "GET /admin/ HTTP/1.1" 200 16774
INFO 2026-03-25 00:48:37,458 log "GET /static/admin/css/dashboard.css HTTP/1.1" 200 441
INFO 2026-03-25 00:48:38,127 log "GET /static/admin/img/icon-addlink.svg HTTP/1.1" 200 593
INFO 2026-03-25 00:48:38,128 log "GET /static/admin/img/icon-changelink.svg HTTP/1.1" 200 978
ERROR 2026-03-25 00:50:22,131 log Internal Server Error: /api/ioc/
Traceback (most recent call last):
  File "C:\capstone_project\.venv\Lib\site-packages\django\core\handlers\exception.py", line 55, in inner
    response = get_response(request)
               ^^^^^^^^^^^^^^^^^^^^^
  File "C:\capstone_project\.venv\Lib\site-packages\django\core\handlers\base.py", line 221, in _get_response
    response = response.render()
               ^^^^^^^^^^^^^^^^^
  File "C:\capstone_project\.venv\Lib\site-packages\django\template\response.py", line 114, in render
    self.content = self.rendered_content
                   ^^^^^^^^^^^^^^^^^^^^^
  File "C:\capstone_project\.venv\Lib\site-packages\rest_framework\response.py", line 74, in rendered_content
    ret = renderer.render(self.data, accepted_media_type, context)
          ^^^^^^^^^^^^^^^^^^^^^^^^^^^^^^^^^^^^^^^^^^^^^^^^^^^^^^^^
  File "C:\capstone_project\.venv\Lib\site-packages\rest_framework\renderers.py", line 749, in render
    template = loader.get_template(self.template)
               ^^^^^^^^^^^^^^^^^^^^^^^^^^^^^^^^^^
  File "C:\capstone_project\.venv\Lib\site-packages\django\template\loader.py", line 19, in get_template
    raise TemplateDoesNotExist(template_name, chain=chain)
django.template.exceptions.TemplateDoesNotExist: rest_framework/api.html
ERROR 2026-03-25 00:50:22,257 log "GET /api/ioc/ HTTP/1.1" 500 94732
INFO 2026-03-25 00:53:21,112 autoreload C:\capstone_project\backend\threat_intel\threat_intel\settings.py changed, reloading.
INFO 2026-03-25 00:53:27,840 autoreload Watching for file changes with StatReloader
WARNING 2026-03-25 00:53:36,784 log Not Found: /
WARNING 2026-03-25 00:53:36,850 log "GET / HTTP/1.1" 404 3547
WARNING 2026-03-25 00:53:59,324 log Unauthorized: /api/ioc/
WARNING 2026-03-25 00:53:59,328 log "GET /api/ioc/ HTTP/1.1" 401 5029
INFO 2026-03-25 00:54:00,614 log "GET /static/rest_framework/css/default.css HTTP/1.1" 200 1152
INFO 2026-03-25 00:54:00,877 log "GET /static/rest_framework/css/bootstrap-tweaks.css HTTP/1.1" 200 3426
INFO 2026-03-25 00:54:01,109 log "GET /static/rest_framework/css/prettify.css HTTP/1.1" 200 817
INFO 2026-03-25 00:54:01,622 log "GET /static/rest_framework/js/ajax-form.js HTTP/1.1" 200 3796
INFO 2026-03-25 00:54:01,626 log "GET /static/rest_framework/css/bootstrap.min.css HTTP/1.1" 200 121457
INFO 2026-03-25 00:54:02,067 log "GET /static/rest_framework/js/csrf.js HTTP/1.1" 200 1793
INFO 2026-03-25 00:54:02,330 log "GET /static/rest_framework/js/bootstrap.min.js HTTP/1.1" 200 39680
INFO 2026-03-25 00:54:02,548 log "GET /static/rest_framework/js/prettify-min.js HTTP/1.1" 200 13632
INFO 2026-03-25 00:54:02,774 log "GET /static/rest_framework/js/default.js HTTP/1.1" 200 1268
INFO 2026-03-25 00:54:03,219 log "GET /static/rest_framework/js/jquery-3.7.1.min.js HTTP/1.1" 200 87533
INFO 2026-03-25 00:54:03,223 log "GET /static/rest_framework/img/grid.png HTTP/1.1" 200 1458
INFO 2026-03-25 00:54:03,248 log "GET /static/rest_framework/js/load-ajax-form.js HTTP/1.1" 200 59
INFO 2026-03-25 00:56:09,476 autoreload C:\capstone_project\backend\threat_intel\threat_intel\settings.py changed, reloading.
INFO 2026-03-25 00:56:16,243 autoreload Watching for file changes with StatReloader
WARNING 2026-03-25 00:56:28,116 log Not Found: /
WARNING 2026-03-25 00:56:28,220 log "GET / HTTP/1.1" 404 3547
WARNING 2026-03-25 00:56:56,199 log Not Found: /api/uploads/
WARNING 2026-03-25 00:56:56,213 log "GET /api/uploads/ HTTP/1.1" 404 3988
WARNING 2026-03-25 00:58:26,905 log Unauthorized: /api/uploads/upload/
WARNING 2026-03-25 00:58:26,921 log "GET /api/uploads/upload/ HTTP/1.1" 401 3773
INFO 2026-03-25 00:59:57,048 log "GET /admin/uploads/upload/add/ HTTP/1.1" 200 20663
INFO 2026-03-25 01:00:01,069 log "GET /admin/jsi18n/ HTTP/1.1" 200 3342
INFO 2026-03-25 01:00:03,082 log "GET /static/admin/css/forms.css HTTP/1.1" 200 8831
INFO 2026-03-25 01:00:03,560 log "GET /static/admin/js/vendor/xregexp/xregexp.js HTTP/1.1" 200 325171
INFO 2026-03-25 01:00:03,923 log "GET /static/admin/js/urlify.js HTTP/1.1" 200 7887
INFO 2026-03-25 01:00:03,923 log "GET /static/admin/js/admin/RelatedObjectLookups.js HTTP/1.1" 200 9777
INFO 2026-03-25 01:00:03,964 log "GET /static/admin/js/core.js HTTP/1.1" 200 6208
INFO 2026-03-25 01:00:04,208 log "GET /static/admin/js/actions.js HTTP/1.1" 200 8076
INFO 2026-03-25 01:00:06,635 log "GET /static/admin/css/widgets.css HTTP/1.1" 200 11811
INFO 2026-03-25 01:00:07,656 log "GET /static/admin/js/prepopulate_init.js HTTP/1.1" 200 586
INFO 2026-03-25 01:00:11,023 log "GET /static/admin/img/icon-viewlink.svg HTTP/1.1" 200 928
INFO 2026-03-25 01:00:11,465 log "GET /static/admin/js/change_form.js HTTP/1.1" 200 606
WARNING 2026-03-25 01:01:27,493 log Not Found: /
WARNING 2026-03-25 01:01:27,505 log "GET / HTTP/1.1" 404 3547
WARNING 2026-03-25 01:01:57,094 log Not Found: /api/yara/
WARNING 2026-03-25 01:01:57,101 log "GET /api/yara/ HTTP/1.1" 404 4002
WARNING 2026-03-25 01:03:52,544 log Unauthorized: /api/yara/rules/
WARNING 2026-03-25 01:03:52,616 log "GET /api/yara/rules/ HTTP/1.1" 401 5100
INFO 2026-03-25 11:02:28,999 autoreload Watching for file changes with StatReloader
WARNING 2026-03-25 11:02:40,816 log Not Found: /
WARNING 2026-03-25 11:02:40,908 log "GET / HTTP/1.1" 404 3547
INFO 2026-03-25 11:02:50,881 log "GET /admin/ HTTP/1.1" 200 16774
INFO 2026-03-25 11:02:51,095 log "GET /static/admin/css/dark_mode.css HTTP/1.1" 304 0
INFO 2026-03-25 11:02:51,159 log "GET /static/admin/css/base.css HTTP/1.1" 304 0
INFO 2026-03-25 11:02:51,192 log "GET /static/admin/css/dashboard.css HTTP/1.1" 304 0
INFO 2026-03-25 11:02:51,250 log "GET /static/admin/css/nav_sidebar.css HTTP/1.1" 304 0
INFO 2026-03-25 11:02:51,286 log "GET /static/admin/js/theme.js HTTP/1.1" 304 0
INFO 2026-03-25 11:02:51,373 log "GET /static/admin/js/nav_sidebar.js HTTP/1.1" 304 0
INFO 2026-03-25 11:02:51,389 log "GET /static/admin/css/responsive.css HTTP/1.1" 304 0
INFO 2026-03-25 11:02:51,488 log "GET /static/admin/img/icon-changelink.svg HTTP/1.1" 304 0
INFO 2026-03-25 11:02:51,495 log "GET /static/admin/img/icon-addlink.svg HTTP/1.1" 304 0
INFO 2026-03-25 11:04:15,036 log "GET /admin/tutorials/tutorial/add/ HTTP/1.1" 200 19069
INFO 2026-03-25 11:04:15,591 log "GET /static/admin/css/forms.css HTTP/1.1" 304 0
INFO 2026-03-25 11:04:15,749 log "GET /static/admin/js/jquery.init.js HTTP/1.1" 200 347
INFO 2026-03-25 11:04:15,804 log "GET /static/admin/js/admin/RelatedObjectLookups.js HTTP/1.1" 304 0
INFO 2026-03-25 11:04:15,806 log "GET /admin/jsi18n/ HTTP/1.1" 200 3342
INFO 2026-03-25 11:04:15,978 log "GET /static/admin/js/actions.js HTTP/1.1" 304 0
INFO 2026-03-25 11:04:15,980 log "GET /static/admin/js/urlify.js HTTP/1.1" 304 0
INFO 2026-03-25 11:04:15,980 log "GET /static/admin/css/widgets.css HTTP/1.1" 304 0
INFO 2026-03-25 11:04:15,990 log "GET /static/admin/js/core.js HTTP/1.1" 304 0
INFO 2026-03-25 11:04:16,090 log "GET /static/admin/js/prepopulate.js HTTP/1.1" 200 1531
INFO 2026-03-25 11:04:16,092 log "GET /static/admin/js/vendor/xregexp/xregexp.js HTTP/1.1" 304 0
INFO 2026-03-25 11:04:16,100 log "GET /static/admin/js/prepopulate_init.js HTTP/1.1" 304 0
INFO 2026-03-25 11:04:16,343 log "GET /static/admin/js/vendor/jquery/jquery.js HTTP/1.1" 200 285314
INFO 2026-03-25 11:04:16,501 log "GET /static/admin/js/change_form.js HTTP/1.1" 304 0
